<?xml version="1.0" encoding="UTF-8"?>
<!-- Generated by org.testng.reporters.JUnitXMLReporter -->
<testsuite ignored="0" hostname="DESKTOP-E5RE113" failures="0" tests="1" name="Test-Runner-Edge" time="34.254" errors="0" timestamp="2024-11-04T20:59:30 IST">
  <testcase classname="products.RemoveProductFromCartTest" name="tc_002_RemoveSingleProductFromCart" time="12.85"/>
</testsuite> <!-- Test-Runner-Edge -->
