<?xml version="1.0" encoding="UTF-8"?>
<!-- Generated by org.testng.reporters.JUnitXMLReporter -->
<testsuite ignored="0" hostname="DESKTOP-E5RE113" failures="0" tests="1" name="Test-Runner-Chrome" time="34.876" errors="0" timestamp="2024-11-04T20:59:31 IST">
  <testcase classname="products.RemoveProductFromCartTest" name="tc_002_RemoveSingleProductFromCart" time="14.821"/>
</testsuite> <!-- Test-Runner-Chrome -->
