<?xml version="1.0" encoding="UTF-8"?>
<!-- Generated by org.testng.reporters.JUnitXMLReporter -->
<testsuite ignored="0" hostname="DESKTOP-E5RE113" failures="0" tests="1" name="Test-Runner-1" time="19.555" errors="0" timestamp="2024-10-29T20:33:15 IST">
  <testcase classname="products.RemoveProductFromCartTest" name="tc_002_RemoveSingleProductFromCart" time="3.527"/>
</testsuite> <!-- Test-Runner-1 -->
