<?xml version="1.0" encoding="UTF-8"?>
<!-- Generated by org.testng.reporters.JUnitReportReporter -->
<testsuite hostname="DESKTOP-E5RE113" failures="0" tests="1" name="products.AddProductToCartTest" time="3.272" errors="0" timestamp="2024-11-15T21:37:53 IST" skipped="0">
  <testcase classname="products.AddProductToCartTest" name="tc_001_AddSingleProductToCartTest" time="3.272"/>
  <system-out/>
</testsuite> <!-- products.AddProductToCartTest -->
