<?xml version="1.0" encoding="UTF-8"?>
<!-- Generated by org.testng.reporters.JUnitReportReporter -->
<testsuite hostname="DESKTOP-E5RE113" failures="0" tests="1" name="practice.TestNGPractice" time="0.013" errors="0" timestamp="2024-10-24T19:53:53 IST" skipped="0">
  <testcase classname="practice.TestNGPractice" name="sampleTest" time="0.013"/>
  <system-out/>
</testsuite> <!-- practice.TestNGPractice -->
