<?xml version="1.0" encoding="UTF-8"?>
<!-- Generated by org.testng.reporters.JUnitReportReporter -->
<testsuite hostname="DESKTOP-E5RE113" failures="0" tests="1" name="products.RemoveProductFromCartTest" time="13.409" errors="0" timestamp="2024-11-05T20:41:04 IST" skipped="0">
  <testcase classname="products.RemoveProductFromCartTest" name="tc_002_RemoveSingleProductFromCart" time="13.409"/>
  <system-out/>
</testsuite> <!-- products.RemoveProductFromCartTest -->
